<?xml version="1.0" encoding="UTF-8"?>
<testng-results ignored="0" total="1" passed="1" failed="0" skipped="0">
  <reporter-output>
  </reporter-output>
  <suite started-at="2022-10-28T16:23:59 IST" name="Default suite" finished-at="2022-10-28T16:23:59 IST" duration-ms="56">
    <groups>
    </groups>
    <test started-at="2022-10-28T16:23:59 IST" name="Default test" finished-at="2022-10-28T16:23:59 IST" duration-ms="56">
      <class name="PracticeJavaP.Find3RdMaxNumber">
        <test-method signature="thirdMaxNumber()[pri:0, instance:PracticeJavaP.Find3RdMaxNumber@26275bef]" started-at="2022-10-28T16:23:59 IST" name="thirdMaxNumber" finished-at="2022-10-28T16:23:59 IST" duration-ms="11" status="PASS">
          <reporter-output>
          </reporter-output>
        </test-method> <!-- thirdMaxNumber -->
      </class> <!-- PracticeJavaP.Find3RdMaxNumber -->
    </test> <!-- Default test -->
  </suite> <!-- Default suite -->
</testng-results>
